<?xml version="1.0" encoding="UTF-8"?>
<!-- Generated by org.testng.reporters.JUnitReportReporter -->
<testsuite hostname="LAPTOP-16B24EEF" failures="0" tests="2" name="com.automation.TestScripts.testCases" time="198.880" errors="0" timestamp="2020-02-05T01:43:43 IST" skipped="0">
  <testcase classname="com.automation.TestScripts.testCases" name="loginToFacebookAndPost" time="102.706"/>
  <testcase classname="com.automation.TestScripts.testCases" name="loginToSwagLabsAndAdd2Cart" time="96.174"/>
</testsuite> <!-- com.automation.TestScripts.testCases -->
