<?xml version="1.0" encoding="UTF-8"?>
<!-- Generated by org.testng.reporters.JUnitReportReporter -->
<testsuite hostname="LAPTOP-16B24EEF" failures="0" tests="2" name="com.automation.GenericLibraries.BaseLibrary" time="151.691" errors="0" timestamp="2020-02-04T20:27:05 IST" skipped="0">
  <testcase classname="com.automation.GenericLibraries.BaseLibrary" name="loginToFacebookAndPost" time="96.663"/>
  <testcase classname="com.automation.GenericLibraries.BaseLibrary" name="loginToSwagLabsAndAdd2Cart" time="55.028"/>
</testsuite> <!-- com.automation.GenericLibraries.BaseLibrary -->
