<?xml version="1.0" encoding="UTF-8"?>
<!-- Generated by org.testng.reporters.JUnitReportReporter -->
<testsuite hostname="LAPTOP-16B24EEF" failures="0" tests="2" name="com.automation.TestScripts.testCases" time="130.272" errors="0" timestamp="2020-02-09T02:44:13 IST" skipped="0">
  <testcase classname="com.automation.TestScripts.testCases" name="loginToFacebookAndPost" time="77.118"/>
  <testcase classname="com.automation.TestScripts.testCases" name="loginToSwagLabsAndAdd2Cart" time="53.154"/>
</testsuite> <!-- com.automation.TestScripts.testCases -->
