<?xml version="1.0" encoding="UTF-8"?>
<!-- Generated by org.testng.reporters.JUnitReportReporter -->
<testsuite hostname="LAPTOP-16B24EEF" failures="0" tests="2" name="com.automation.TestScripts.testCases" time="198.531" errors="0" timestamp="4 Feb 2020 19:29:40 GMT">
  <testcase classname="com.automation.TestScripts.testCases" name="loginToFacebookAndPost" time="110.763"/>
  <testcase classname="com.automation.TestScripts.testCases" name="loginToSwagLabsAndAdd2Cart" time="87.768"/>
</testsuite> <!-- com.automation.TestScripts.testCases -->
