<?xml version="1.0" encoding="UTF-8"?>
<!-- Generated by org.testng.reporters.JUnitReportReporter -->
<testsuite hostname="LAPTOP-16B24EEF" failures="0" tests="2" name="com.automation.TestScripts.testCases" time="143.900" errors="0" timestamp="8 Feb 2020 21:17:33 GMT">
  <testcase classname="com.automation.TestScripts.testCases" name="loginToSwagLabsAndAdd2Cart" time="60.698"/>
  <testcase classname="com.automation.TestScripts.testCases" name="loginToFacebookAndPost" time="83.202"/>
</testsuite> <!-- com.automation.TestScripts.testCases -->
